2025/07/08 13:46:13 [emerg] 1#1: host not found in upstream "node:3000" in /etc/nginx/conf.d/default.conf:2
2025/07/08 13:53:21 [emerg] 1#1: host not found in upstream "node:3000" in /etc/nginx/conf.d/default.conf:2
2025/07/08 13:55:39 [warn] 1#1: the "listen ... http2" directive is deprecated, use the "http2" directive instead in /etc/nginx/conf.d/default.conf:25
2025/07/08 13:55:39 [notice] 1#1: using the "epoll" event method
2025/07/08 13:55:39 [notice] 1#1: nginx/1.29.0
2025/07/08 13:55:39 [notice] 1#1: built by gcc 12.2.0 (Debian 12.2.0-14+deb12u1) 
2025/07/08 13:55:39 [notice] 1#1: OS: Linux 5.4.17-2136.333.5.1.el8uek.x86_64
2025/07/08 13:55:39 [notice] 1#1: getrlimit(RLIMIT_NOFILE): 1048576:1048576
2025/07/08 13:55:39 [notice] 1#1: start worker processes
2025/07/08 13:55:39 [notice] 1#1: start worker process 28
2025/07/08 13:55:39 [notice] 1#1: start worker process 29
2025/07/08 17:45:49 [notice] 1#1: signal 3 (SIGQUIT) received, shutting down
2025/07/08 17:45:49 [notice] 29#29: gracefully shutting down
2025/07/08 17:45:49 [notice] 28#28: gracefully shutting down
2025/07/08 17:45:49 [notice] 29#29: exiting
2025/07/08 17:45:49 [notice] 28#28: exiting
2025/07/08 17:45:49 [notice] 29#29: exit
2025/07/08 17:45:49 [notice] 28#28: exit
2025/07/08 17:45:49 [notice] 1#1: signal 17 (SIGCHLD) received from 29
2025/07/08 17:45:49 [notice] 1#1: worker process 29 exited with code 0
2025/07/08 17:45:49 [notice] 1#1: signal 29 (SIGIO) received
2025/07/08 17:45:49 [notice] 1#1: signal 17 (SIGCHLD) received from 28
2025/07/08 17:45:49 [notice] 1#1: worker process 28 exited with code 0
2025/07/08 17:45:49 [notice] 1#1: exit
2025/07/08 17:46:19 [warn] 1#1: the "listen ... http2" directive is deprecated, use the "http2" directive instead in /etc/nginx/conf.d/default.conf:25
2025/07/08 17:46:19 [notice] 1#1: using the "epoll" event method
2025/07/08 17:46:19 [notice] 1#1: nginx/1.29.0
2025/07/08 17:46:19 [notice] 1#1: built by gcc 12.2.0 (Debian 12.2.0-14+deb12u1) 
2025/07/08 17:46:19 [notice] 1#1: OS: Linux 5.4.17-2136.333.5.1.el8uek.x86_64
2025/07/08 17:46:19 [notice] 1#1: getrlimit(RLIMIT_NOFILE): 1048576:1048576
2025/07/08 17:46:19 [notice] 1#1: start worker processes
2025/07/08 17:46:19 [notice] 1#1: start worker process 28
2025/07/08 17:46:19 [notice] 1#1: start worker process 29
2025/07/08 19:31:19 [notice] 1#1: signal 3 (SIGQUIT) received, shutting down
2025/07/08 19:31:19 [notice] 28#28: gracefully shutting down
2025/07/08 19:31:19 [notice] 28#28: exiting
2025/07/08 19:31:19 [notice] 28#28: exit
2025/07/08 19:31:19 [notice] 29#29: gracefully shutting down
2025/07/08 19:31:19 [notice] 29#29: exiting
2025/07/08 19:31:19 [notice] 29#29: exit
2025/07/08 19:31:19 [notice] 1#1: signal 17 (SIGCHLD) received from 28
2025/07/08 19:31:19 [notice] 1#1: worker process 28 exited with code 0
2025/07/08 19:31:19 [notice] 1#1: signal 29 (SIGIO) received
2025/07/08 19:31:19 [notice] 1#1: signal 17 (SIGCHLD) received from 29
2025/07/08 19:31:19 [notice] 1#1: worker process 29 exited with code 0
2025/07/08 19:31:19 [notice] 1#1: exit
2025/07/08 19:31:49 [warn] 1#1: the "listen ... http2" directive is deprecated, use the "http2" directive instead in /etc/nginx/conf.d/default.conf:25
2025/07/08 19:31:49 [notice] 1#1: using the "epoll" event method
2025/07/08 19:31:49 [notice] 1#1: nginx/1.29.0
2025/07/08 19:31:49 [notice] 1#1: built by gcc 12.2.0 (Debian 12.2.0-14+deb12u1) 
2025/07/08 19:31:49 [notice] 1#1: OS: Linux 5.4.17-2136.333.5.1.el8uek.x86_64
2025/07/08 19:31:49 [notice] 1#1: getrlimit(RLIMIT_NOFILE): 1048576:1048576
2025/07/08 19:31:49 [notice] 1#1: start worker processes
2025/07/08 19:31:49 [notice] 1#1: start worker process 28
2025/07/08 19:31:49 [notice] 1#1: start worker process 29
2025/07/08 19:33:59 [notice] 1#1: signal 3 (SIGQUIT) received, shutting down
2025/07/08 19:33:59 [notice] 29#29: gracefully shutting down
2025/07/08 19:33:59 [notice] 29#29: exiting
2025/07/08 19:33:59 [notice] 29#29: exit
2025/07/08 19:33:59 [notice] 28#28: gracefully shutting down
2025/07/08 19:33:59 [notice] 28#28: exiting
2025/07/08 19:33:59 [notice] 28#28: exit
2025/07/08 19:33:59 [notice] 1#1: signal 17 (SIGCHLD) received from 29
2025/07/08 19:33:59 [notice] 1#1: worker process 29 exited with code 0
2025/07/08 19:33:59 [notice] 1#1: signal 29 (SIGIO) received
2025/07/08 19:33:59 [notice] 1#1: signal 17 (SIGCHLD) received from 28
2025/07/08 19:33:59 [notice] 1#1: worker process 28 exited with code 0
2025/07/08 19:33:59 [notice] 1#1: exit
2025/07/08 19:35:39 [warn] 1#1: the "listen ... http2" directive is deprecated, use the "http2" directive instead in /etc/nginx/conf.d/default.conf:25
2025/07/08 19:35:39 [notice] 1#1: using the "epoll" event method
2025/07/08 19:35:39 [notice] 1#1: nginx/1.29.0
2025/07/08 19:35:39 [notice] 1#1: built by gcc 12.2.0 (Debian 12.2.0-14+deb12u1) 
2025/07/08 19:35:39 [notice] 1#1: OS: Linux 5.4.17-2136.333.5.1.el8uek.x86_64
2025/07/08 19:35:39 [notice] 1#1: getrlimit(RLIMIT_NOFILE): 1048576:1048576
2025/07/08 19:35:39 [notice] 1#1: start worker processes
2025/07/08 19:35:39 [notice] 1#1: start worker process 28
2025/07/08 19:35:39 [notice] 1#1: start worker process 29
2025/07/08 19:36:17 [notice] 1#1: signal 3 (SIGQUIT) received, shutting down
2025/07/08 19:36:17 [notice] 28#28: gracefully shutting down
2025/07/08 19:36:17 [notice] 28#28: exiting
2025/07/08 19:36:17 [notice] 28#28: exit
2025/07/08 19:36:17 [notice] 29#29: gracefully shutting down
2025/07/08 19:36:17 [notice] 29#29: exiting
2025/07/08 19:36:17 [notice] 29#29: exit
2025/07/08 19:36:17 [notice] 1#1: signal 17 (SIGCHLD) received from 28
2025/07/08 19:36:17 [notice] 1#1: worker process 28 exited with code 0
2025/07/08 19:36:17 [notice] 1#1: signal 29 (SIGIO) received
2025/07/08 19:36:17 [notice] 1#1: signal 17 (SIGCHLD) received from 29
2025/07/08 19:36:17 [notice] 1#1: worker process 29 exited with code 0
2025/07/08 19:36:17 [notice] 1#1: exit
2025/07/08 19:38:28 [warn] 1#1: the "listen ... http2" directive is deprecated, use the "http2" directive instead in /etc/nginx/conf.d/default.conf:25
2025/07/08 19:38:28 [notice] 1#1: using the "epoll" event method
2025/07/08 19:38:28 [notice] 1#1: nginx/1.29.0
2025/07/08 19:38:28 [notice] 1#1: built by gcc 12.2.0 (Debian 12.2.0-14+deb12u1) 
2025/07/08 19:38:28 [notice] 1#1: OS: Linux 5.4.17-2136.333.5.1.el8uek.x86_64
2025/07/08 19:38:28 [notice] 1#1: getrlimit(RLIMIT_NOFILE): 1048576:1048576
2025/07/08 19:38:28 [notice] 1#1: start worker processes
2025/07/08 19:38:28 [notice] 1#1: start worker process 28
2025/07/08 19:38:28 [notice] 1#1: start worker process 29
2025/07/08 20:39:38 [notice] 1#1: signal 3 (SIGQUIT) received, shutting down
2025/07/08 20:39:38 [notice] 28#28: gracefully shutting down
2025/07/08 20:39:38 [notice] 29#29: gracefully shutting down
2025/07/08 20:39:38 [notice] 29#29: exiting
2025/07/08 20:39:38 [notice] 28#28: exiting
2025/07/08 20:39:38 [notice] 28#28: exit
2025/07/08 20:39:38 [notice] 29#29: exit
2025/07/08 20:39:38 [notice] 1#1: signal 17 (SIGCHLD) received from 28
2025/07/08 20:39:38 [notice] 1#1: worker process 28 exited with code 0
2025/07/08 20:39:38 [notice] 1#1: signal 29 (SIGIO) received
2025/07/08 20:39:38 [notice] 1#1: signal 17 (SIGCHLD) received from 29
2025/07/08 20:39:38 [notice] 1#1: worker process 29 exited with code 0
2025/07/08 20:39:38 [notice] 1#1: exit
2025/07/08 20:40:08 [warn] 1#1: the "listen ... http2" directive is deprecated, use the "http2" directive instead in /etc/nginx/conf.d/default.conf:25
2025/07/08 20:40:08 [notice] 1#1: using the "epoll" event method
2025/07/08 20:40:08 [notice] 1#1: nginx/1.29.0
2025/07/08 20:40:08 [notice] 1#1: built by gcc 12.2.0 (Debian 12.2.0-14+deb12u1) 
2025/07/08 20:40:08 [notice] 1#1: OS: Linux 5.4.17-2136.333.5.1.el8uek.x86_64
2025/07/08 20:40:08 [notice] 1#1: getrlimit(RLIMIT_NOFILE): 1048576:1048576
2025/07/08 20:40:08 [notice] 1#1: start worker processes
2025/07/08 20:40:08 [notice] 1#1: start worker process 28
2025/07/08 20:40:08 [notice] 1#1: start worker process 29
2025/07/08 20:45:06 [notice] 1#1: signal 3 (SIGQUIT) received, shutting down
2025/07/08 20:45:06 [notice] 29#29: gracefully shutting down
2025/07/08 20:45:06 [notice] 29#29: exiting
2025/07/08 20:45:06 [notice] 28#28: gracefully shutting down
2025/07/08 20:45:06 [notice] 28#28: exiting
2025/07/08 20:45:06 [notice] 29#29: exit
2025/07/08 20:45:06 [notice] 28#28: exit
2025/07/08 20:45:06 [notice] 1#1: signal 17 (SIGCHLD) received from 29
2025/07/08 20:45:06 [notice] 1#1: worker process 29 exited with code 0
2025/07/08 20:45:06 [notice] 1#1: signal 29 (SIGIO) received
2025/07/08 20:45:06 [notice] 1#1: signal 17 (SIGCHLD) received from 28
2025/07/08 20:45:06 [notice] 1#1: worker process 28 exited with code 0
2025/07/08 20:45:06 [notice] 1#1: exit
2025/07/08 20:45:34 [warn] 1#1: the "listen ... http2" directive is deprecated, use the "http2" directive instead in /etc/nginx/conf.d/default.conf:25
2025/07/08 20:45:34 [notice] 1#1: using the "epoll" event method
2025/07/08 20:45:34 [notice] 1#1: nginx/1.29.0
2025/07/08 20:45:34 [notice] 1#1: built by gcc 12.2.0 (Debian 12.2.0-14+deb12u1) 
2025/07/08 20:45:34 [notice] 1#1: OS: Linux 5.4.17-2136.333.5.1.el8uek.x86_64
2025/07/08 20:45:34 [notice] 1#1: getrlimit(RLIMIT_NOFILE): 1048576:1048576
2025/07/08 20:45:34 [notice] 1#1: start worker processes
2025/07/08 20:45:34 [notice] 1#1: start worker process 28
2025/07/08 20:45:34 [notice] 1#1: start worker process 29
2025/07/08 21:45:51 [notice] 1#1: signal 3 (SIGQUIT) received, shutting down
2025/07/08 21:45:51 [notice] 29#29: gracefully shutting down
2025/07/08 21:45:51 [notice] 29#29: exiting
2025/07/08 21:45:51 [notice] 29#29: exit
2025/07/08 21:45:51 [notice] 28#28: gracefully shutting down
2025/07/08 21:45:51 [notice] 28#28: exiting
2025/07/08 21:45:51 [notice] 28#28: exit
2025/07/08 21:45:51 [notice] 1#1: signal 17 (SIGCHLD) received from 29
2025/07/08 21:45:51 [notice] 1#1: worker process 29 exited with code 0
2025/07/08 21:45:51 [notice] 1#1: signal 29 (SIGIO) received
2025/07/08 21:45:51 [notice] 1#1: signal 17 (SIGCHLD) received from 28
2025/07/08 21:45:51 [notice] 1#1: worker process 28 exited with code 0
2025/07/08 21:45:51 [notice] 1#1: exit
2025/07/08 21:46:21 [warn] 1#1: the "listen ... http2" directive is deprecated, use the "http2" directive instead in /etc/nginx/conf.d/default.conf:25
2025/07/08 21:46:21 [notice] 1#1: using the "epoll" event method
2025/07/08 21:46:21 [notice] 1#1: nginx/1.29.0
2025/07/08 21:46:21 [notice] 1#1: built by gcc 12.2.0 (Debian 12.2.0-14+deb12u1) 
2025/07/08 21:46:21 [notice] 1#1: OS: Linux 5.4.17-2136.333.5.1.el8uek.x86_64
2025/07/08 21:46:21 [notice] 1#1: getrlimit(RLIMIT_NOFILE): 1048576:1048576
2025/07/08 21:46:21 [notice] 1#1: start worker processes
2025/07/08 21:46:21 [notice] 1#1: start worker process 28
2025/07/08 21:46:21 [notice] 1#1: start worker process 29
2025/07/08 22:21:42 [notice] 1#1: signal 3 (SIGQUIT) received, shutting down
2025/07/08 22:21:42 [notice] 29#29: gracefully shutting down
2025/07/08 22:21:42 [notice] 28#28: gracefully shutting down
2025/07/08 22:21:42 [notice] 29#29: exiting
2025/07/08 22:21:42 [notice] 28#28: exiting
2025/07/08 22:21:42 [notice] 28#28: exit
2025/07/08 22:21:42 [notice] 29#29: exit
2025/07/08 22:21:42 [notice] 1#1: signal 17 (SIGCHLD) received from 29
2025/07/08 22:21:42 [notice] 1#1: worker process 28 exited with code 0
2025/07/08 22:21:42 [notice] 1#1: worker process 29 exited with code 0
2025/07/08 22:21:42 [notice] 1#1: exit
2025/07/08 22:22:11 [warn] 1#1: the "listen ... http2" directive is deprecated, use the "http2" directive instead in /etc/nginx/conf.d/default.conf:25
2025/07/08 22:22:11 [notice] 1#1: using the "epoll" event method
2025/07/08 22:22:11 [notice] 1#1: nginx/1.29.0
2025/07/08 22:22:11 [notice] 1#1: built by gcc 12.2.0 (Debian 12.2.0-14+deb12u1) 
2025/07/08 22:22:11 [notice] 1#1: OS: Linux 5.4.17-2136.333.5.1.el8uek.x86_64
2025/07/08 22:22:11 [notice] 1#1: getrlimit(RLIMIT_NOFILE): 1048576:1048576
2025/07/08 22:22:11 [notice] 1#1: start worker processes
2025/07/08 22:22:11 [notice] 1#1: start worker process 28
2025/07/08 22:22:11 [notice] 1#1: start worker process 29
2025/07/08 22:46:46 [notice] 1#1: signal 3 (SIGQUIT) received, shutting down
2025/07/08 22:46:46 [notice] 29#29: gracefully shutting down
2025/07/08 22:46:46 [notice] 29#29: exiting
2025/07/08 22:46:46 [notice] 28#28: gracefully shutting down
2025/07/08 22:46:46 [notice] 28#28: exiting
2025/07/08 22:46:46 [notice] 29#29: exit
2025/07/08 22:46:46 [notice] 28#28: exit
2025/07/08 22:46:46 [notice] 1#1: signal 17 (SIGCHLD) received from 29
2025/07/08 22:46:46 [notice] 1#1: worker process 29 exited with code 0
2025/07/08 22:46:46 [notice] 1#1: signal 29 (SIGIO) received
2025/07/08 22:46:46 [notice] 1#1: signal 17 (SIGCHLD) received from 28
2025/07/08 22:46:46 [notice] 1#1: worker process 28 exited with code 0
2025/07/08 22:46:46 [notice] 1#1: exit
2025/07/08 22:47:15 [warn] 1#1: the "listen ... http2" directive is deprecated, use the "http2" directive instead in /etc/nginx/conf.d/default.conf:25
2025/07/08 22:47:15 [notice] 1#1: using the "epoll" event method
2025/07/08 22:47:15 [notice] 1#1: nginx/1.29.0
2025/07/08 22:47:15 [notice] 1#1: built by gcc 12.2.0 (Debian 12.2.0-14+deb12u1) 
2025/07/08 22:47:15 [notice] 1#1: OS: Linux 5.4.17-2136.333.5.1.el8uek.x86_64
2025/07/08 22:47:15 [notice] 1#1: getrlimit(RLIMIT_NOFILE): 1048576:1048576
2025/07/08 22:47:15 [notice] 1#1: start worker processes
2025/07/08 22:47:15 [notice] 1#1: start worker process 28
2025/07/08 22:47:15 [notice] 1#1: start worker process 29
2025/07/09 15:49:16 [notice] 1#1: signal 3 (SIGQUIT) received, shutting down
2025/07/09 15:49:16 [notice] 29#29: gracefully shutting down
2025/07/09 15:49:16 [notice] 28#28: gracefully shutting down
2025/07/09 15:49:16 [notice] 29#29: exiting
2025/07/09 15:49:16 [notice] 28#28: exiting
2025/07/09 15:49:16 [notice] 29#29: exit
2025/07/09 15:49:16 [notice] 28#28: exit
2025/07/09 15:49:16 [notice] 1#1: signal 17 (SIGCHLD) received from 29
2025/07/09 15:49:16 [notice] 1#1: worker process 29 exited with code 0
2025/07/09 15:49:16 [notice] 1#1: signal 29 (SIGIO) received
2025/07/09 15:49:16 [notice] 1#1: signal 17 (SIGCHLD) received from 28
2025/07/09 15:49:16 [notice] 1#1: worker process 28 exited with code 0
2025/07/09 15:49:16 [notice] 1#1: exit
2025/07/09 16:26:40 [warn] 1#1: the "listen ... http2" directive is deprecated, use the "http2" directive instead in /etc/nginx/conf.d/default.conf:25
2025/07/09 16:26:40 [notice] 1#1: using the "epoll" event method
2025/07/09 16:26:40 [notice] 1#1: nginx/1.29.0
2025/07/09 16:26:40 [notice] 1#1: built by gcc 12.2.0 (Debian 12.2.0-14+deb12u1) 
2025/07/09 16:26:40 [notice] 1#1: OS: Linux 5.4.17-2136.333.5.1.el8uek.x86_64
2025/07/09 16:26:40 [notice] 1#1: getrlimit(RLIMIT_NOFILE): 1048576:1048576
2025/07/09 16:26:40 [notice] 1#1: start worker processes
2025/07/09 16:26:40 [notice] 1#1: start worker process 27
2025/07/09 16:26:40 [notice] 1#1: start worker process 28
2025/07/09 16:31:21 [notice] 1#1: signal 3 (SIGQUIT) received, shutting down
2025/07/09 16:31:21 [notice] 28#28: gracefully shutting down
2025/07/09 16:31:21 [notice] 28#28: exiting
2025/07/09 16:31:21 [notice] 28#28: exit
2025/07/09 16:31:21 [notice] 27#27: gracefully shutting down
2025/07/09 16:31:21 [notice] 27#27: exiting
2025/07/09 16:31:21 [notice] 27#27: exit
2025/07/09 16:31:21 [notice] 1#1: signal 17 (SIGCHLD) received from 28
2025/07/09 16:31:21 [notice] 1#1: worker process 28 exited with code 0
2025/07/09 16:31:21 [notice] 1#1: signal 29 (SIGIO) received
2025/07/09 16:31:21 [notice] 1#1: signal 17 (SIGCHLD) received from 27
2025/07/09 16:31:21 [notice] 1#1: worker process 27 exited with code 0
2025/07/09 16:31:21 [notice] 1#1: exit
2025/07/09 16:31:51 [warn] 1#1: the "listen ... http2" directive is deprecated, use the "http2" directive instead in /etc/nginx/conf.d/default.conf:25
2025/07/09 16:31:51 [notice] 1#1: using the "epoll" event method
2025/07/09 16:31:51 [notice] 1#1: nginx/1.29.0
2025/07/09 16:31:51 [notice] 1#1: built by gcc 12.2.0 (Debian 12.2.0-14+deb12u1) 
2025/07/09 16:31:51 [notice] 1#1: OS: Linux 5.4.17-2136.333.5.1.el8uek.x86_64
2025/07/09 16:31:51 [notice] 1#1: getrlimit(RLIMIT_NOFILE): 1048576:1048576
2025/07/09 16:31:51 [notice] 1#1: start worker processes
2025/07/09 16:31:51 [notice] 1#1: start worker process 28
2025/07/09 16:31:51 [notice] 1#1: start worker process 29
2025/07/09 17:01:17 [notice] 1#1: signal 3 (SIGQUIT) received, shutting down
2025/07/09 17:01:17 [notice] 29#29: gracefully shutting down
2025/07/09 17:01:17 [notice] 29#29: exiting
2025/07/09 17:01:17 [notice] 29#29: exit
2025/07/09 17:01:17 [notice] 28#28: gracefully shutting down
2025/07/09 17:01:17 [notice] 28#28: exiting
2025/07/09 17:01:17 [notice] 28#28: exit
2025/07/09 17:01:17 [notice] 1#1: signal 17 (SIGCHLD) received from 29
2025/07/09 17:01:17 [notice] 1#1: worker process 29 exited with code 0
2025/07/09 17:01:17 [notice] 1#1: signal 29 (SIGIO) received
2025/07/09 17:01:17 [notice] 1#1: signal 17 (SIGCHLD) received from 28
2025/07/09 17:01:17 [notice] 1#1: worker process 28 exited with code 0
2025/07/09 17:01:17 [notice] 1#1: exit
2025/07/09 17:01:46 [warn] 1#1: the "listen ... http2" directive is deprecated, use the "http2" directive instead in /etc/nginx/conf.d/default.conf:25
2025/07/09 17:01:46 [notice] 1#1: using the "epoll" event method
2025/07/09 17:01:46 [notice] 1#1: nginx/1.29.0
2025/07/09 17:01:46 [notice] 1#1: built by gcc 12.2.0 (Debian 12.2.0-14+deb12u1) 
2025/07/09 17:01:46 [notice] 1#1: OS: Linux 5.4.17-2136.333.5.1.el8uek.x86_64
2025/07/09 17:01:46 [notice] 1#1: getrlimit(RLIMIT_NOFILE): 1048576:1048576
2025/07/09 17:01:46 [notice] 1#1: start worker processes
2025/07/09 17:01:46 [notice] 1#1: start worker process 28
2025/07/09 17:01:46 [notice] 1#1: start worker process 29
2025/07/09 18:49:36 [notice] 1#1: signal 3 (SIGQUIT) received, shutting down
2025/07/09 18:49:37 [notice] 28#28: gracefully shutting down
2025/07/09 18:49:37 [notice] 29#29: gracefully shutting down
2025/07/09 18:49:37 [notice] 28#28: exiting
2025/07/09 18:49:37 [notice] 29#29: exiting
2025/07/09 18:49:37 [notice] 28#28: exit
2025/07/09 18:49:37 [notice] 29#29: exit
2025/07/09 18:49:37 [notice] 1#1: signal 17 (SIGCHLD) received from 28
2025/07/09 18:49:37 [notice] 1#1: worker process 28 exited with code 0
2025/07/09 18:49:37 [notice] 1#1: worker process 29 exited with code 0
2025/07/09 18:49:37 [notice] 1#1: exit
2025/07/09 18:50:04 [warn] 1#1: the "listen ... http2" directive is deprecated, use the "http2" directive instead in /etc/nginx/conf.d/default.conf:25
2025/07/09 18:50:04 [notice] 1#1: using the "epoll" event method
2025/07/09 18:50:04 [notice] 1#1: nginx/1.29.0
2025/07/09 18:50:04 [notice] 1#1: built by gcc 12.2.0 (Debian 12.2.0-14+deb12u1) 
2025/07/09 18:50:04 [notice] 1#1: OS: Linux 5.4.17-2136.333.5.1.el8uek.x86_64
2025/07/09 18:50:04 [notice] 1#1: getrlimit(RLIMIT_NOFILE): 1048576:1048576
2025/07/09 18:50:04 [notice] 1#1: start worker processes
2025/07/09 18:50:04 [notice] 1#1: start worker process 28
2025/07/09 18:50:04 [notice] 1#1: start worker process 29
2025/07/09 19:32:46 [notice] 1#1: signal 3 (SIGQUIT) received, shutting down
2025/07/09 19:32:46 [notice] 29#29: gracefully shutting down
2025/07/09 19:32:46 [notice] 29#29: exiting
2025/07/09 19:32:46 [notice] 28#28: gracefully shutting down
2025/07/09 19:32:46 [notice] 28#28: exiting
2025/07/09 19:32:46 [notice] 29#29: exit
2025/07/09 19:32:46 [notice] 28#28: exit
2025/07/09 19:32:46 [notice] 1#1: signal 17 (SIGCHLD) received from 28
2025/07/09 19:32:46 [notice] 1#1: worker process 28 exited with code 0
2025/07/09 19:32:46 [notice] 1#1: worker process 29 exited with code 0
2025/07/09 19:32:46 [notice] 1#1: exit
2025/07/09 19:33:13 [warn] 1#1: the "listen ... http2" directive is deprecated, use the "http2" directive instead in /etc/nginx/conf.d/default.conf:25
2025/07/09 19:33:13 [notice] 1#1: using the "epoll" event method
2025/07/09 19:33:13 [notice] 1#1: nginx/1.29.0
2025/07/09 19:33:13 [notice] 1#1: built by gcc 12.2.0 (Debian 12.2.0-14+deb12u1) 
2025/07/09 19:33:13 [notice] 1#1: OS: Linux 5.4.17-2136.333.5.1.el8uek.x86_64
2025/07/09 19:33:13 [notice] 1#1: getrlimit(RLIMIT_NOFILE): 1048576:1048576
2025/07/09 19:33:13 [notice] 1#1: start worker processes
2025/07/09 19:33:13 [notice] 1#1: start worker process 28
2025/07/09 19:33:13 [notice] 1#1: start worker process 29
2025/07/10 04:50:09 [notice] 1#1: signal 3 (SIGQUIT) received, shutting down
2025/07/10 04:50:09 [notice] 29#29: gracefully shutting down
2025/07/10 04:50:09 [notice] 29#29: exiting
2025/07/10 04:50:09 [notice] 28#28: gracefully shutting down
2025/07/10 04:50:09 [notice] 28#28: exiting
2025/07/10 04:50:09 [notice] 29#29: exit
2025/07/10 04:50:09 [notice] 28#28: exit
2025/07/10 04:50:09 [notice] 1#1: signal 17 (SIGCHLD) received from 28
2025/07/10 04:50:09 [notice] 1#1: worker process 28 exited with code 0
2025/07/10 04:50:09 [notice] 1#1: signal 29 (SIGIO) received
2025/07/10 04:50:09 [notice] 1#1: signal 17 (SIGCHLD) received from 29
2025/07/10 04:50:09 [notice] 1#1: worker process 29 exited with code 0
2025/07/10 04:50:09 [notice] 1#1: exit
2025/07/10 05:29:59 [warn] 1#1: the "listen ... http2" directive is deprecated, use the "http2" directive instead in /etc/nginx/conf.d/default.conf:25
2025/07/10 05:29:59 [notice] 1#1: using the "epoll" event method
2025/07/10 05:29:59 [notice] 1#1: nginx/1.29.0
2025/07/10 05:29:59 [notice] 1#1: built by gcc 12.2.0 (Debian 12.2.0-14+deb12u1) 
2025/07/10 05:29:59 [notice] 1#1: OS: Linux 5.4.17-2136.333.5.1.el8uek.x86_64
2025/07/10 05:29:59 [notice] 1#1: getrlimit(RLIMIT_NOFILE): 1048576:1048576
2025/07/10 05:29:59 [notice] 1#1: start worker processes
2025/07/10 05:29:59 [notice] 1#1: start worker process 28
2025/07/10 05:29:59 [notice] 1#1: start worker process 29
2025/07/10 05:33:31 [notice] 1#1: signal 3 (SIGQUIT) received, shutting down
2025/07/10 05:33:31 [notice] 29#29: gracefully shutting down
2025/07/10 05:33:31 [notice] 29#29: exiting
2025/07/10 05:33:31 [notice] 28#28: gracefully shutting down
2025/07/10 05:33:31 [notice] 28#28: exiting
2025/07/10 05:33:31 [notice] 28#28: exit
2025/07/10 05:33:31 [notice] 29#29: exit
2025/07/10 05:33:31 [notice] 1#1: signal 17 (SIGCHLD) received from 29
2025/07/10 05:33:31 [notice] 1#1: worker process 29 exited with code 0
2025/07/10 05:33:31 [notice] 1#1: signal 29 (SIGIO) received
2025/07/10 05:33:31 [notice] 1#1: signal 17 (SIGCHLD) received from 28
2025/07/10 05:33:31 [notice] 1#1: worker process 28 exited with code 0
2025/07/10 05:33:31 [notice] 1#1: exit
2025/07/10 05:36:13 [warn] 1#1: the "listen ... http2" directive is deprecated, use the "http2" directive instead in /etc/nginx/conf.d/default.conf:25
2025/07/10 05:36:13 [notice] 1#1: using the "epoll" event method
2025/07/10 05:36:13 [notice] 1#1: nginx/1.29.0
2025/07/10 05:36:13 [notice] 1#1: built by gcc 12.2.0 (Debian 12.2.0-14+deb12u1) 
2025/07/10 05:36:13 [notice] 1#1: OS: Linux 5.4.17-2136.333.5.1.el8uek.x86_64
2025/07/10 05:36:13 [notice] 1#1: getrlimit(RLIMIT_NOFILE): 1048576:1048576
2025/07/10 05:36:13 [notice] 1#1: start worker processes
2025/07/10 05:36:13 [notice] 1#1: start worker process 28
2025/07/10 05:36:13 [notice] 1#1: start worker process 29
2025/07/10 05:40:42 [notice] 1#1: signal 3 (SIGQUIT) received, shutting down
2025/07/10 05:40:42 [notice] 28#28: gracefully shutting down
2025/07/10 05:40:42 [notice] 28#28: exiting
2025/07/10 05:40:42 [notice] 28#28: exit
2025/07/10 05:40:42 [notice] 29#29: gracefully shutting down
2025/07/10 05:40:42 [notice] 29#29: exiting
2025/07/10 05:40:42 [notice] 29#29: exit
2025/07/10 05:40:42 [notice] 1#1: signal 17 (SIGCHLD) received from 28
2025/07/10 05:40:42 [notice] 1#1: worker process 28 exited with code 0
2025/07/10 05:40:42 [notice] 1#1: signal 29 (SIGIO) received
2025/07/10 05:40:42 [notice] 1#1: signal 17 (SIGCHLD) received from 29
2025/07/10 05:40:42 [notice] 1#1: worker process 29 exited with code 0
2025/07/10 05:40:42 [notice] 1#1: exit
2025/07/10 05:45:44 [warn] 1#1: the "listen ... http2" directive is deprecated, use the "http2" directive instead in /etc/nginx/conf.d/default.conf:25
2025/07/10 05:45:44 [notice] 1#1: using the "epoll" event method
2025/07/10 05:45:44 [notice] 1#1: nginx/1.29.0
2025/07/10 05:45:44 [notice] 1#1: built by gcc 12.2.0 (Debian 12.2.0-14+deb12u1) 
2025/07/10 05:45:44 [notice] 1#1: OS: Linux 5.4.17-2136.333.5.1.el8uek.x86_64
2025/07/10 05:45:44 [notice] 1#1: getrlimit(RLIMIT_NOFILE): 1048576:1048576
2025/07/10 05:45:44 [notice] 1#1: start worker processes
2025/07/10 05:45:44 [notice] 1#1: start worker process 28
2025/07/10 05:45:44 [notice] 1#1: start worker process 29
2025/07/10 05:48:50 [notice] 1#1: signal 3 (SIGQUIT) received, shutting down
2025/07/10 05:48:50 [notice] 29#29: gracefully shutting down
2025/07/10 05:48:50 [notice] 28#28: gracefully shutting down
2025/07/10 05:48:50 [notice] 29#29: exiting
2025/07/10 05:48:50 [notice] 28#28: exiting
2025/07/10 05:48:50 [notice] 29#29: exit
2025/07/10 05:48:50 [notice] 28#28: exit
2025/07/10 05:48:50 [notice] 1#1: signal 17 (SIGCHLD) received from 28
2025/07/10 05:48:50 [notice] 1#1: worker process 28 exited with code 0
2025/07/10 05:48:50 [notice] 1#1: signal 29 (SIGIO) received
2025/07/10 05:48:50 [notice] 1#1: signal 17 (SIGCHLD) received from 29
2025/07/10 05:48:50 [notice] 1#1: worker process 29 exited with code 0
2025/07/10 05:48:50 [notice] 1#1: exit
2025/07/10 05:54:15 [warn] 1#1: the "listen ... http2" directive is deprecated, use the "http2" directive instead in /etc/nginx/conf.d/default.conf:25
2025/07/10 05:54:15 [notice] 1#1: using the "epoll" event method
2025/07/10 05:54:15 [notice] 1#1: nginx/1.29.0
2025/07/10 05:54:15 [notice] 1#1: built by gcc 12.2.0 (Debian 12.2.0-14+deb12u1) 
2025/07/10 05:54:15 [notice] 1#1: OS: Linux 5.4.17-2136.333.5.1.el8uek.x86_64
2025/07/10 05:54:15 [notice] 1#1: getrlimit(RLIMIT_NOFILE): 1048576:1048576
2025/07/10 05:54:15 [notice] 1#1: start worker processes
2025/07/10 05:54:15 [notice] 1#1: start worker process 28
2025/07/10 05:54:15 [notice] 1#1: start worker process 29
2025/07/10 06:01:48 [notice] 1#1: signal 3 (SIGQUIT) received, shutting down
2025/07/10 06:01:48 [notice] 29#29: gracefully shutting down
2025/07/10 06:01:48 [notice] 29#29: exiting
2025/07/10 06:01:48 [notice] 29#29: exit
2025/07/10 06:01:48 [notice] 28#28: gracefully shutting down
2025/07/10 06:01:48 [notice] 28#28: exiting
2025/07/10 06:01:48 [notice] 28#28: exit
2025/07/10 06:01:48 [notice] 1#1: signal 17 (SIGCHLD) received from 29
2025/07/10 06:01:48 [notice] 1#1: worker process 29 exited with code 0
2025/07/10 06:01:48 [notice] 1#1: signal 29 (SIGIO) received
2025/07/10 06:01:48 [notice] 1#1: signal 17 (SIGCHLD) received from 28
2025/07/10 06:01:48 [notice] 1#1: worker process 28 exited with code 0
2025/07/10 06:01:48 [notice] 1#1: exit
2025/07/10 06:02:29 [warn] 1#1: the "listen ... http2" directive is deprecated, use the "http2" directive instead in /etc/nginx/conf.d/default.conf:25
2025/07/10 06:02:29 [notice] 1#1: using the "epoll" event method
2025/07/10 06:02:29 [notice] 1#1: nginx/1.29.0
2025/07/10 06:02:29 [notice] 1#1: built by gcc 12.2.0 (Debian 12.2.0-14+deb12u1) 
2025/07/10 06:02:29 [notice] 1#1: OS: Linux 5.4.17-2136.333.5.1.el8uek.x86_64
2025/07/10 06:02:29 [notice] 1#1: getrlimit(RLIMIT_NOFILE): 1048576:1048576
2025/07/10 06:02:29 [notice] 1#1: start worker processes
2025/07/10 06:02:29 [notice] 1#1: start worker process 28
2025/07/10 06:02:29 [notice] 1#1: start worker process 29
2025/07/10 06:05:51 [notice] 1#1: signal 3 (SIGQUIT) received, shutting down
2025/07/10 06:05:51 [notice] 29#29: gracefully shutting down
2025/07/10 06:05:51 [notice] 29#29: exiting
2025/07/10 06:05:51 [notice] 29#29: exit
2025/07/10 06:05:51 [notice] 28#28: gracefully shutting down
2025/07/10 06:05:51 [notice] 28#28: exiting
2025/07/10 06:05:51 [notice] 28#28: exit
2025/07/10 06:05:51 [notice] 1#1: signal 17 (SIGCHLD) received from 29
2025/07/10 06:05:51 [notice] 1#1: worker process 29 exited with code 0
2025/07/10 06:05:51 [notice] 1#1: signal 29 (SIGIO) received
2025/07/10 06:05:51 [notice] 1#1: signal 17 (SIGCHLD) received from 28
2025/07/10 06:05:51 [notice] 1#1: worker process 28 exited with code 0
2025/07/10 06:05:51 [notice] 1#1: exit
2025/07/10 06:06:15 [warn] 1#1: the "listen ... http2" directive is deprecated, use the "http2" directive instead in /etc/nginx/conf.d/default.conf:25
2025/07/10 06:06:15 [notice] 1#1: using the "epoll" event method
2025/07/10 06:06:15 [notice] 1#1: nginx/1.29.0
2025/07/10 06:06:15 [notice] 1#1: built by gcc 12.2.0 (Debian 12.2.0-14+deb12u1) 
2025/07/10 06:06:15 [notice] 1#1: OS: Linux 5.4.17-2136.333.5.1.el8uek.x86_64
2025/07/10 06:06:15 [notice] 1#1: getrlimit(RLIMIT_NOFILE): 1048576:1048576
2025/07/10 06:06:15 [notice] 1#1: start worker processes
2025/07/10 06:06:15 [notice] 1#1: start worker process 28
2025/07/10 06:06:15 [notice] 1#1: start worker process 29
2025/07/10 06:07:07 [notice] 1#1: signal 3 (SIGQUIT) received, shutting down
2025/07/10 06:07:07 [notice] 28#28: gracefully shutting down
2025/07/10 06:07:07 [notice] 28#28: exiting
2025/07/10 06:07:07 [notice] 28#28: exit
2025/07/10 06:07:07 [notice] 29#29: gracefully shutting down
2025/07/10 06:07:07 [notice] 29#29: exiting
2025/07/10 06:07:07 [notice] 29#29: exit
2025/07/10 06:07:07 [notice] 1#1: signal 17 (SIGCHLD) received from 28
2025/07/10 06:07:07 [notice] 1#1: worker process 28 exited with code 0
2025/07/10 06:07:07 [notice] 1#1: signal 29 (SIGIO) received
2025/07/10 06:07:07 [notice] 1#1: signal 17 (SIGCHLD) received from 29
2025/07/10 06:07:07 [notice] 1#1: worker process 29 exited with code 0
2025/07/10 06:07:07 [notice] 1#1: exit
2025/07/10 06:07:46 [warn] 1#1: the "listen ... http2" directive is deprecated, use the "http2" directive instead in /etc/nginx/conf.d/default.conf:25
2025/07/10 06:07:46 [notice] 1#1: using the "epoll" event method
2025/07/10 06:07:46 [notice] 1#1: nginx/1.29.0
2025/07/10 06:07:46 [notice] 1#1: built by gcc 12.2.0 (Debian 12.2.0-14+deb12u1) 
2025/07/10 06:07:46 [notice] 1#1: OS: Linux 5.4.17-2136.333.5.1.el8uek.x86_64
2025/07/10 06:07:46 [notice] 1#1: getrlimit(RLIMIT_NOFILE): 1048576:1048576
2025/07/10 06:07:46 [notice] 1#1: start worker processes
2025/07/10 06:07:46 [notice] 1#1: start worker process 28
2025/07/10 06:07:46 [notice] 1#1: start worker process 29
2025/07/10 06:07:56 [notice] 1#1: signal 3 (SIGQUIT) received, shutting down
2025/07/10 06:07:56 [notice] 29#29: gracefully shutting down
2025/07/10 06:07:56 [notice] 29#29: exiting
2025/07/10 06:07:56 [notice] 29#29: exit
2025/07/10 06:07:56 [notice] 28#28: gracefully shutting down
2025/07/10 06:07:56 [notice] 28#28: exiting
2025/07/10 06:07:56 [notice] 28#28: exit
2025/07/10 06:07:56 [notice] 1#1: signal 17 (SIGCHLD) received from 29
2025/07/10 06:07:56 [notice] 1#1: worker process 29 exited with code 0
2025/07/10 06:07:56 [notice] 1#1: signal 29 (SIGIO) received
2025/07/10 06:07:56 [notice] 1#1: signal 17 (SIGCHLD) received from 28
2025/07/10 06:07:56 [notice] 1#1: worker process 28 exited with code 0
2025/07/10 06:07:56 [notice] 1#1: exit
2025/07/10 16:40:35 [warn] 1#1: the "listen ... http2" directive is deprecated, use the "http2" directive instead in /etc/nginx/conf.d/default.conf:25
2025/07/10 16:40:35 [notice] 1#1: using the "epoll" event method
2025/07/10 16:40:35 [notice] 1#1: nginx/1.29.0
2025/07/10 16:40:35 [notice] 1#1: built by gcc 12.2.0 (Debian 12.2.0-14+deb12u1) 
2025/07/10 16:40:35 [notice] 1#1: OS: Linux 5.4.17-2136.333.5.1.el8uek.x86_64
2025/07/10 16:40:35 [notice] 1#1: getrlimit(RLIMIT_NOFILE): 1048576:1048576
2025/07/10 16:40:35 [notice] 1#1: start worker processes
2025/07/10 16:40:35 [notice] 1#1: start worker process 28
2025/07/10 16:40:35 [notice] 1#1: start worker process 29
2025/07/10 16:41:39 [notice] 1#1: signal 3 (SIGQUIT) received, shutting down
2025/07/10 16:41:39 [notice] 29#29: gracefully shutting down
2025/07/10 16:41:39 [notice] 28#28: gracefully shutting down
2025/07/10 16:41:47 [notice] 28#28: exiting
2025/07/10 16:41:47 [notice] 28#28: exit
2025/07/10 16:41:47 [notice] 1#1: signal 17 (SIGCHLD) received from 28
2025/07/10 16:41:47 [notice] 1#1: worker process 28 exited with code 0
2025/07/10 16:41:47 [notice] 1#1: signal 29 (SIGIO) received
2025/07/10 16:41:47 [notice] 29#29: exiting
2025/07/10 16:41:47 [notice] 29#29: exit
2025/07/10 16:41:47 [notice] 1#1: signal 17 (SIGCHLD) received from 29
2025/07/10 16:41:47 [notice] 1#1: worker process 29 exited with code 0
2025/07/10 16:41:47 [notice] 1#1: exit
2025/07/10 16:48:00 [warn] 1#1: the "listen ... http2" directive is deprecated, use the "http2" directive instead in /etc/nginx/conf.d/default.conf:25
2025/07/10 16:48:00 [notice] 1#1: using the "epoll" event method
2025/07/10 16:48:00 [notice] 1#1: nginx/1.29.0
2025/07/10 16:48:00 [notice] 1#1: built by gcc 12.2.0 (Debian 12.2.0-14+deb12u1) 
2025/07/10 16:48:00 [notice] 1#1: OS: Linux 5.4.17-2136.333.5.1.el8uek.x86_64
2025/07/10 16:48:00 [notice] 1#1: getrlimit(RLIMIT_NOFILE): 1048576:1048576
2025/07/10 16:48:00 [notice] 1#1: start worker processes
2025/07/10 16:48:00 [notice] 1#1: start worker process 28
2025/07/10 16:48:00 [notice] 1#1: start worker process 29
2025/07/10 16:49:26 [notice] 1#1: signal 3 (SIGQUIT) received, shutting down
2025/07/10 16:49:26 [notice] 28#28: gracefully shutting down
2025/07/10 16:49:26 [notice] 28#28: exiting
2025/07/10 16:49:26 [notice] 28#28: exit
2025/07/10 16:49:26 [notice] 29#29: gracefully shutting down
2025/07/10 16:49:26 [notice] 29#29: exiting
2025/07/10 16:49:26 [notice] 29#29: exit
2025/07/10 16:49:26 [notice] 1#1: signal 17 (SIGCHLD) received from 28
2025/07/10 16:49:26 [notice] 1#1: worker process 28 exited with code 0
2025/07/10 16:49:26 [notice] 1#1: signal 29 (SIGIO) received
2025/07/10 16:49:26 [notice] 1#1: signal 17 (SIGCHLD) received from 29
2025/07/10 16:49:26 [notice] 1#1: worker process 29 exited with code 0
2025/07/10 16:49:26 [notice] 1#1: exit
2025/07/10 16:55:18 [warn] 1#1: the "listen ... http2" directive is deprecated, use the "http2" directive instead in /etc/nginx/conf.d/default.conf:25
2025/07/10 16:55:18 [notice] 1#1: using the "epoll" event method
2025/07/10 16:55:18 [notice] 1#1: nginx/1.29.0
2025/07/10 16:55:18 [notice] 1#1: built by gcc 12.2.0 (Debian 12.2.0-14+deb12u1) 
2025/07/10 16:55:18 [notice] 1#1: OS: Linux 5.4.17-2136.333.5.1.el8uek.x86_64
2025/07/10 16:55:18 [notice] 1#1: getrlimit(RLIMIT_NOFILE): 1048576:1048576
2025/07/10 16:55:18 [notice] 1#1: start worker processes
2025/07/10 16:55:18 [notice] 1#1: start worker process 28
2025/07/10 16:55:18 [notice] 1#1: start worker process 29
2025/07/10 17:23:49 [notice] 1#1: signal 3 (SIGQUIT) received, shutting down
2025/07/10 17:23:49 [notice] 29#29: gracefully shutting down
2025/07/10 17:23:49 [notice] 28#28: gracefully shutting down
2025/07/10 17:23:49 [notice] 29#29: exiting
2025/07/10 17:23:49 [notice] 28#28: exiting
2025/07/10 17:23:49 [notice] 29#29: exit
2025/07/10 17:23:49 [notice] 28#28: exit
2025/07/10 17:23:49 [notice] 1#1: signal 17 (SIGCHLD) received from 28
2025/07/10 17:23:49 [notice] 1#1: worker process 28 exited with code 0
2025/07/10 17:23:49 [notice] 1#1: worker process 29 exited with code 0
2025/07/10 17:23:49 [notice] 1#1: exit
2025/07/10 17:28:42 [warn] 1#1: the "listen ... http2" directive is deprecated, use the "http2" directive instead in /etc/nginx/conf.d/default.conf:25
2025/07/10 17:28:42 [notice] 1#1: using the "epoll" event method
2025/07/10 17:28:42 [notice] 1#1: nginx/1.29.0
2025/07/10 17:28:42 [notice] 1#1: built by gcc 12.2.0 (Debian 12.2.0-14+deb12u1) 
2025/07/10 17:28:42 [notice] 1#1: OS: Linux 5.4.17-2136.333.5.1.el8uek.x86_64
2025/07/10 17:28:42 [notice] 1#1: getrlimit(RLIMIT_NOFILE): 1048576:1048576
2025/07/10 17:28:42 [notice] 1#1: start worker processes
2025/07/10 17:28:42 [notice] 1#1: start worker process 27
2025/07/10 17:28:42 [notice] 1#1: start worker process 28
2025/07/10 17:32:33 [notice] 1#1: signal 3 (SIGQUIT) received, shutting down
2025/07/10 17:32:33 [notice] 28#28: gracefully shutting down
2025/07/10 17:32:33 [notice] 28#28: exiting
2025/07/10 17:32:33 [notice] 27#27: gracefully shutting down
2025/07/10 17:32:33 [notice] 27#27: exiting
2025/07/10 17:32:33 [notice] 28#28: exit
2025/07/10 17:32:33 [notice] 27#27: exit
2025/07/10 17:32:33 [notice] 1#1: signal 17 (SIGCHLD) received from 27
2025/07/10 17:32:33 [notice] 1#1: worker process 27 exited with code 0
2025/07/10 17:32:33 [notice] 1#1: signal 29 (SIGIO) received
2025/07/10 17:32:33 [notice] 1#1: signal 17 (SIGCHLD) received from 28
2025/07/10 17:32:33 [notice] 1#1: worker process 28 exited with code 0
2025/07/10 17:32:33 [notice] 1#1: exit
2025/07/10 17:32:59 [warn] 1#1: the "listen ... http2" directive is deprecated, use the "http2" directive instead in /etc/nginx/conf.d/default.conf:25
2025/07/10 17:32:59 [notice] 1#1: using the "epoll" event method
2025/07/10 17:32:59 [notice] 1#1: nginx/1.29.0
2025/07/10 17:32:59 [notice] 1#1: built by gcc 12.2.0 (Debian 12.2.0-14+deb12u1) 
2025/07/10 17:32:59 [notice] 1#1: OS: Linux 5.4.17-2136.333.5.1.el8uek.x86_64
2025/07/10 17:32:59 [notice] 1#1: getrlimit(RLIMIT_NOFILE): 1048576:1048576
2025/07/10 17:32:59 [notice] 1#1: start worker processes
2025/07/10 17:32:59 [notice] 1#1: start worker process 28
2025/07/10 17:32:59 [notice] 1#1: start worker process 29
2025/07/10 17:35:34 [notice] 1#1: signal 3 (SIGQUIT) received, shutting down
2025/07/10 17:35:34 [notice] 29#29: gracefully shutting down
2025/07/10 17:35:34 [notice] 29#29: exiting
2025/07/10 17:35:34 [notice] 29#29: exit
2025/07/10 17:35:34 [notice] 28#28: gracefully shutting down
2025/07/10 17:35:34 [notice] 28#28: exiting
2025/07/10 17:35:34 [notice] 28#28: exit
2025/07/10 17:35:34 [notice] 1#1: signal 17 (SIGCHLD) received from 29
2025/07/10 17:35:34 [notice] 1#1: worker process 29 exited with code 0
2025/07/10 17:35:34 [notice] 1#1: signal 29 (SIGIO) received
2025/07/10 17:35:34 [notice] 1#1: signal 17 (SIGCHLD) received from 28
2025/07/10 17:35:34 [notice] 1#1: worker process 28 exited with code 0
2025/07/10 17:35:34 [notice] 1#1: exit
2025/07/10 17:35:59 [warn] 1#1: the "listen ... http2" directive is deprecated, use the "http2" directive instead in /etc/nginx/conf.d/default.conf:25
2025/07/10 17:35:59 [notice] 1#1: using the "epoll" event method
2025/07/10 17:35:59 [notice] 1#1: nginx/1.29.0
2025/07/10 17:35:59 [notice] 1#1: built by gcc 12.2.0 (Debian 12.2.0-14+deb12u1) 
2025/07/10 17:35:59 [notice] 1#1: OS: Linux 5.4.17-2136.333.5.1.el8uek.x86_64
2025/07/10 17:35:59 [notice] 1#1: getrlimit(RLIMIT_NOFILE): 1048576:1048576
2025/07/10 17:35:59 [notice] 1#1: start worker processes
2025/07/10 17:35:59 [notice] 1#1: start worker process 27
2025/07/10 17:35:59 [notice] 1#1: start worker process 28
2025/07/10 19:34:17 [notice] 1#1: signal 3 (SIGQUIT) received, shutting down
2025/07/10 19:34:17 [notice] 27#27: gracefully shutting down
2025/07/10 19:34:17 [notice] 27#27: exiting
2025/07/10 19:34:17 [notice] 28#28: gracefully shutting down
2025/07/10 19:34:17 [notice] 28#28: exiting
2025/07/10 19:34:17 [notice] 28#28: exit
2025/07/10 19:34:17 [notice] 27#27: exit
2025/07/10 19:34:17 [notice] 1#1: signal 17 (SIGCHLD) received from 27
2025/07/10 19:34:17 [notice] 1#1: worker process 27 exited with code 0
2025/07/10 19:34:17 [notice] 1#1: signal 29 (SIGIO) received
2025/07/10 19:34:17 [notice] 1#1: signal 17 (SIGCHLD) received from 28
2025/07/10 19:34:17 [notice] 1#1: worker process 28 exited with code 0
2025/07/10 19:34:17 [notice] 1#1: exit
2025/07/10 19:43:19 [warn] 1#1: the "listen ... http2" directive is deprecated, use the "http2" directive instead in /etc/nginx/conf.d/default.conf:22
2025/07/10 19:43:19 [notice] 1#1: using the "epoll" event method
2025/07/10 19:43:19 [notice] 1#1: nginx/1.29.0
2025/07/10 19:43:19 [notice] 1#1: built by gcc 12.2.0 (Debian 12.2.0-14+deb12u1) 
2025/07/10 19:43:19 [notice] 1#1: OS: Linux 5.4.17-2136.333.5.1.el8uek.x86_64
2025/07/10 19:43:19 [notice] 1#1: getrlimit(RLIMIT_NOFILE): 1048576:1048576
2025/07/10 19:43:19 [notice] 1#1: start worker processes
2025/07/10 19:43:19 [notice] 1#1: start worker process 28
2025/07/10 19:43:19 [notice] 1#1: start worker process 29
2025/07/10 19:43:42 [error] 29#29: *2 rewrite or internal redirection cycle while internally redirecting to "/index.html", client: 10.100.29.54, server: yourdomain.com, request: "GET /index HTTP/2.0", host: "10.100.6.123", referrer: "https://10.100.6.123/login"
2025/07/10 19:43:42 [error] 29#29: *2 rewrite or internal redirection cycle while internally redirecting to "/index.html", client: 10.100.29.54, server: yourdomain.com, request: "GET /favicon.ico HTTP/2.0", host: "10.100.6.123", referrer: "https://10.100.6.123/index"
2025/07/10 19:44:52 [error] 28#28: *4 rewrite or internal redirection cycle while internally redirecting to "/index.html", client: 10.100.29.54, server: yourdomain.com, request: "GET /index HTTP/2.0", host: "10.100.6.123", referrer: "https://10.100.6.123/login"
2025/07/10 19:44:52 [error] 28#28: *4 rewrite or internal redirection cycle while internally redirecting to "/index.html", client: 10.100.29.54, server: yourdomain.com, request: "GET /favicon.ico HTTP/2.0", host: "10.100.6.123", referrer: "https://10.100.6.123/index"
2025/07/10 19:45:00 [error] 28#28: *4 rewrite or internal redirection cycle while internally redirecting to "/index.html", client: 10.100.29.54, server: yourdomain.com, request: "GET /login HTTP/2.0", host: "10.100.6.123", referrer: "https://10.100.6.123/index"
2025/07/10 19:45:00 [error] 28#28: *4 rewrite or internal redirection cycle while internally redirecting to "/index.html", client: 10.100.29.54, server: yourdomain.com, request: "GET /favicon.ico HTTP/2.0", host: "10.100.6.123", referrer: "https://10.100.6.123/login"
2025/07/10 19:45:01 [error] 28#28: *4 rewrite or internal redirection cycle while internally redirecting to "/index.html", client: 10.100.29.54, server: yourdomain.com, request: "GET /login HTTP/2.0", host: "10.100.6.123", referrer: "https://10.100.6.123/index"
2025/07/10 19:45:02 [error] 28#28: *4 rewrite or internal redirection cycle while internally redirecting to "/index.html", client: 10.100.29.54, server: yourdomain.com, request: "GET /favicon.ico HTTP/2.0", host: "10.100.6.123", referrer: "https://10.100.6.123/login"
2025/07/10 19:45:08 [error] 28#28: *4 rewrite or internal redirection cycle while internally redirecting to "/index.html", client: 10.100.29.54, server: yourdomain.com, request: "GET / HTTP/2.0", host: "10.100.6.123"
2025/07/10 19:45:09 [error] 28#28: *4 rewrite or internal redirection cycle while internally redirecting to "/index.html", client: 10.100.29.54, server: yourdomain.com, request: "GET / HTTP/2.0", host: "10.100.6.123"
2025/07/10 19:45:09 [error] 28#28: *4 rewrite or internal redirection cycle while internally redirecting to "/index.html", client: 10.100.29.54, server: yourdomain.com, request: "GET /favicon.ico HTTP/2.0", host: "10.100.6.123", referrer: "https://10.100.6.123/"
2025/07/10 19:45:16 [error] 28#28: *4 rewrite or internal redirection cycle while internally redirecting to "/index.html", client: 10.100.29.54, server: yourdomain.com, request: "GET /jira-report.php HTTP/2.0", host: "10.100.6.123"
2025/07/10 19:45:16 [error] 28#28: *4 rewrite or internal redirection cycle while internally redirecting to "/index.html", client: 10.100.29.54, server: yourdomain.com, request: "GET /favicon.ico HTTP/2.0", host: "10.100.6.123", referrer: "https://10.100.6.123/jira-report.php"
2025/07/10 19:45:21 [error] 28#28: *4 rewrite or internal redirection cycle while internally redirecting to "/index.html", client: 10.100.29.54, server: yourdomain.com, request: "GET /jira-report.php HTTP/2.0", host: "10.100.6.123"
2025/07/10 19:45:21 [error] 28#28: *4 rewrite or internal redirection cycle while internally redirecting to "/index.html", client: 10.100.29.54, server: yourdomain.com, request: "GET /favicon.ico HTTP/2.0", host: "10.100.6.123", referrer: "https://10.100.6.123/jira-report.php"
2025/07/10 19:45:25 [error] 28#28: *4 rewrite or internal redirection cycle while internally redirecting to "/index.html", client: 10.100.29.54, server: yourdomain.com, request: "GET / HTTP/2.0", host: "10.100.6.123"
2025/07/10 19:45:28 [error] 28#28: *4 rewrite or internal redirection cycle while internally redirecting to "/index.html", client: 10.100.29.54, server: yourdomain.com, request: "GET / HTTP/2.0", host: "10.100.6.123"
2025/07/10 19:45:28 [error] 28#28: *4 rewrite or internal redirection cycle while internally redirecting to "/index.html", client: 10.100.29.54, server: yourdomain.com, request: "GET /favicon.ico HTTP/2.0", host: "10.100.6.123", referrer: "https://10.100.6.123/"
2025/07/10 19:52:45 [notice] 1#1: signal 3 (SIGQUIT) received, shutting down
2025/07/10 19:52:45 [notice] 28#28: gracefully shutting down
2025/07/10 19:52:45 [notice] 28#28: exiting
2025/07/10 19:52:45 [notice] 29#29: gracefully shutting down
2025/07/10 19:52:45 [notice] 29#29: exiting
2025/07/10 19:52:45 [notice] 28#28: exit
2025/07/10 19:52:45 [notice] 29#29: exit
2025/07/10 19:52:45 [notice] 1#1: signal 17 (SIGCHLD) received from 28
2025/07/10 19:52:45 [notice] 1#1: worker process 28 exited with code 0
2025/07/10 19:52:45 [notice] 1#1: signal 29 (SIGIO) received
2025/07/10 19:52:45 [notice] 1#1: signal 17 (SIGCHLD) received from 29
2025/07/10 19:52:45 [notice] 1#1: worker process 29 exited with code 0
2025/07/10 19:52:45 [notice] 1#1: exit
2025/07/10 19:53:51 [warn] 1#1: the "listen ... http2" directive is deprecated, use the "http2" directive instead in /etc/nginx/conf.d/default.conf:22
2025/07/10 19:53:51 [notice] 1#1: using the "epoll" event method
2025/07/10 19:53:51 [notice] 1#1: nginx/1.29.0
2025/07/10 19:53:51 [notice] 1#1: built by gcc 12.2.0 (Debian 12.2.0-14+deb12u1) 
2025/07/10 19:53:51 [notice] 1#1: OS: Linux 5.4.17-2136.333.5.1.el8uek.x86_64
2025/07/10 19:53:51 [notice] 1#1: getrlimit(RLIMIT_NOFILE): 1048576:1048576
2025/07/10 19:53:51 [notice] 1#1: start worker processes
2025/07/10 19:53:51 [notice] 1#1: start worker process 28
2025/07/10 19:53:51 [notice] 1#1: start worker process 29
2025/07/10 19:55:08 [notice] 1#1: signal 3 (SIGQUIT) received, shutting down
2025/07/10 19:55:08 [notice] 28#28: gracefully shutting down
2025/07/10 19:55:08 [notice] 28#28: exiting
2025/07/10 19:55:08 [notice] 28#28: exit
2025/07/10 19:55:08 [notice] 29#29: gracefully shutting down
2025/07/10 19:55:08 [notice] 29#29: exiting
2025/07/10 19:55:08 [notice] 29#29: exit
2025/07/10 19:55:08 [notice] 1#1: signal 17 (SIGCHLD) received from 28
2025/07/10 19:55:08 [notice] 1#1: worker process 28 exited with code 0
2025/07/10 19:55:08 [notice] 1#1: signal 29 (SIGIO) received
2025/07/10 19:55:08 [notice] 1#1: signal 17 (SIGCHLD) received from 29
2025/07/10 19:55:08 [notice] 1#1: worker process 29 exited with code 0
2025/07/10 19:55:08 [notice] 1#1: exit
2025/07/10 19:55:39 [warn] 1#1: the "listen ... http2" directive is deprecated, use the "http2" directive instead in /etc/nginx/conf.d/default.conf:22
2025/07/10 19:55:39 [notice] 1#1: using the "epoll" event method
2025/07/10 19:55:39 [notice] 1#1: nginx/1.29.0
2025/07/10 19:55:39 [notice] 1#1: built by gcc 12.2.0 (Debian 12.2.0-14+deb12u1) 
2025/07/10 19:55:39 [notice] 1#1: OS: Linux 5.4.17-2136.333.5.1.el8uek.x86_64
2025/07/10 19:55:39 [notice] 1#1: getrlimit(RLIMIT_NOFILE): 1048576:1048576
2025/07/10 19:55:39 [notice] 1#1: start worker processes
2025/07/10 19:55:39 [notice] 1#1: start worker process 28
2025/07/10 19:55:39 [notice] 1#1: start worker process 29
2025/07/10 20:03:09 [notice] 1#1: signal 3 (SIGQUIT) received, shutting down
2025/07/10 20:03:09 [notice] 28#28: gracefully shutting down
2025/07/10 20:03:09 [notice] 28#28: exiting
2025/07/10 20:03:09 [notice] 28#28: exit
2025/07/10 20:03:09 [notice] 29#29: gracefully shutting down
2025/07/10 20:03:09 [notice] 29#29: exiting
2025/07/10 20:03:09 [notice] 29#29: exit
2025/07/10 20:03:09 [notice] 1#1: signal 17 (SIGCHLD) received from 29
2025/07/10 20:03:09 [notice] 1#1: worker process 29 exited with code 0
2025/07/10 20:03:09 [notice] 1#1: signal 29 (SIGIO) received
2025/07/10 20:03:09 [notice] 1#1: signal 17 (SIGCHLD) received from 28
2025/07/10 20:03:09 [notice] 1#1: worker process 28 exited with code 0
2025/07/10 20:03:09 [notice] 1#1: exit
2025/07/10 20:03:38 [warn] 1#1: the "listen ... http2" directive is deprecated, use the "http2" directive instead in /etc/nginx/conf.d/default.conf:22
2025/07/10 20:03:38 [notice] 1#1: using the "epoll" event method
2025/07/10 20:03:38 [notice] 1#1: nginx/1.29.0
2025/07/10 20:03:38 [notice] 1#1: built by gcc 12.2.0 (Debian 12.2.0-14+deb12u1) 
2025/07/10 20:03:38 [notice] 1#1: OS: Linux 5.4.17-2136.333.5.1.el8uek.x86_64
2025/07/10 20:03:38 [notice] 1#1: getrlimit(RLIMIT_NOFILE): 1048576:1048576
2025/07/10 20:03:38 [notice] 1#1: start worker processes
2025/07/10 20:03:38 [notice] 1#1: start worker process 28
2025/07/10 20:03:38 [notice] 1#1: start worker process 29
2025/07/10 20:03:43 [error] 28#28: *2 rewrite or internal redirection cycle while internally redirecting to "/index.html", client: 10.100.29.54, server: yourdomain.com, request: "GET / HTTP/2.0", host: "10.100.6.123"
2025/07/10 20:03:43 [error] 28#28: *2 rewrite or internal redirection cycle while internally redirecting to "/index.html", client: 10.100.29.54, server: yourdomain.com, request: "GET /favicon.ico HTTP/2.0", host: "10.100.6.123", referrer: "https://10.100.6.123/"
2025/07/10 20:03:44 [error] 28#28: *2 rewrite or internal redirection cycle while internally redirecting to "/index.html", client: 10.100.29.54, server: yourdomain.com, request: "GET / HTTP/2.0", host: "10.100.6.123"
2025/07/10 20:03:44 [error] 28#28: *2 rewrite or internal redirection cycle while internally redirecting to "/index.html", client: 10.100.29.54, server: yourdomain.com, request: "GET /favicon.ico HTTP/2.0", host: "10.100.6.123", referrer: "https://10.100.6.123/"
2025/07/10 20:03:49 [error] 28#28: *2 rewrite or internal redirection cycle while internally redirecting to "/index.html", client: 10.100.29.54, server: yourdomain.com, request: "GET / HTTP/2.0", host: "10.100.6.123"
2025/07/10 20:03:49 [error] 28#28: *2 rewrite or internal redirection cycle while internally redirecting to "/index.html", client: 10.100.29.54, server: yourdomain.com, request: "GET /favicon.ico HTTP/2.0", host: "10.100.6.123", referrer: "https://10.100.6.123/"
2025/07/10 20:05:10 [notice] 1#1: signal 3 (SIGQUIT) received, shutting down
2025/07/10 20:05:10 [notice] 29#29: gracefully shutting down
2025/07/10 20:05:10 [notice] 29#29: exiting
2025/07/10 20:05:10 [notice] 29#29: exit
2025/07/10 20:05:10 [notice] 28#28: gracefully shutting down
2025/07/10 20:05:10 [notice] 28#28: exiting
2025/07/10 20:05:10 [notice] 28#28: exit
2025/07/10 20:05:10 [notice] 1#1: signal 17 (SIGCHLD) received from 29
2025/07/10 20:05:10 [notice] 1#1: worker process 29 exited with code 0
2025/07/10 20:05:10 [notice] 1#1: signal 29 (SIGIO) received
2025/07/10 20:05:10 [notice] 1#1: signal 17 (SIGCHLD) received from 28
2025/07/10 20:05:10 [notice] 1#1: worker process 28 exited with code 0
2025/07/10 20:05:10 [notice] 1#1: exit
2025/07/10 20:06:40 [emerg] 1#1: host not found in upstream "php:9000" in /etc/nginx/conf.d/default.conf:6
2025/07/10 23:00:10 [emerg] 1#1: host not found in upstream "php:9000" in /etc/nginx/conf.d/default.conf:6
2025/07/10 23:02:47 [warn] 1#1: the "listen ... http2" directive is deprecated, use the "http2" directive instead in /etc/nginx/conf.d/default.conf:22
2025/07/10 23:02:47 [notice] 1#1: using the "epoll" event method
2025/07/10 23:02:47 [notice] 1#1: nginx/1.29.0
2025/07/10 23:02:47 [notice] 1#1: built by gcc 12.2.0 (Debian 12.2.0-14+deb12u1) 
2025/07/10 23:02:47 [notice] 1#1: OS: Linux 5.4.17-2136.333.5.1.el8uek.x86_64
2025/07/10 23:02:47 [notice] 1#1: getrlimit(RLIMIT_NOFILE): 1048576:1048576
2025/07/10 23:02:47 [notice] 1#1: start worker processes
2025/07/10 23:02:47 [notice] 1#1: start worker process 28
2025/07/10 23:02:47 [notice] 1#1: start worker process 29
2025/07/10 23:09:12 [notice] 1#1: signal 3 (SIGQUIT) received, shutting down
2025/07/10 23:09:12 [notice] 28#28: gracefully shutting down
2025/07/10 23:09:12 [notice] 28#28: exiting
2025/07/10 23:09:12 [notice] 28#28: exit
2025/07/10 23:09:12 [notice] 29#29: gracefully shutting down
2025/07/10 23:09:12 [notice] 29#29: exiting
2025/07/10 23:09:12 [notice] 29#29: exit
2025/07/10 23:09:12 [notice] 1#1: signal 17 (SIGCHLD) received from 28
2025/07/10 23:09:12 [notice] 1#1: worker process 28 exited with code 0
2025/07/10 23:09:12 [notice] 1#1: signal 29 (SIGIO) received
2025/07/10 23:09:12 [notice] 1#1: signal 17 (SIGCHLD) received from 29
2025/07/10 23:09:12 [notice] 1#1: worker process 29 exited with code 0
2025/07/10 23:09:12 [notice] 1#1: exit
2025/07/10 23:09:44 [warn] 1#1: the "listen ... http2" directive is deprecated, use the "http2" directive instead in /etc/nginx/conf.d/default.conf:22
2025/07/10 23:09:44 [notice] 1#1: using the "epoll" event method
2025/07/10 23:09:44 [notice] 1#1: nginx/1.29.0
2025/07/10 23:09:44 [notice] 1#1: built by gcc 12.2.0 (Debian 12.2.0-14+deb12u1) 
2025/07/10 23:09:44 [notice] 1#1: OS: Linux 5.4.17-2136.333.5.1.el8uek.x86_64
2025/07/10 23:09:44 [notice] 1#1: getrlimit(RLIMIT_NOFILE): 1048576:1048576
2025/07/10 23:09:44 [notice] 1#1: start worker processes
2025/07/10 23:09:44 [notice] 1#1: start worker process 28
2025/07/10 23:09:44 [notice] 1#1: start worker process 29
2025/07/10 23:18:04 [notice] 1#1: signal 3 (SIGQUIT) received, shutting down
2025/07/10 23:18:04 [notice] 28#28: gracefully shutting down
2025/07/10 23:18:04 [notice] 29#29: gracefully shutting down
2025/07/10 23:18:04 [notice] 28#28: exiting
2025/07/10 23:18:04 [notice] 29#29: exiting
2025/07/10 23:18:04 [notice] 28#28: exit
2025/07/10 23:18:04 [notice] 29#29: exit
2025/07/10 23:18:05 [notice] 1#1: signal 17 (SIGCHLD) received from 29
2025/07/10 23:18:05 [notice] 1#1: worker process 28 exited with code 0
2025/07/10 23:18:05 [notice] 1#1: worker process 29 exited with code 0
2025/07/10 23:18:05 [notice] 1#1: exit
2025/07/10 23:20:47 [warn] 1#1: the "listen ... http2" directive is deprecated, use the "http2" directive instead in /etc/nginx/conf.d/default.conf:22
2025/07/10 23:20:47 [notice] 1#1: using the "epoll" event method
2025/07/10 23:20:47 [notice] 1#1: nginx/1.29.0
2025/07/10 23:20:47 [notice] 1#1: built by gcc 12.2.0 (Debian 12.2.0-14+deb12u1) 
2025/07/10 23:20:47 [notice] 1#1: OS: Linux 5.4.17-2136.333.5.1.el8uek.x86_64
2025/07/10 23:20:47 [notice] 1#1: getrlimit(RLIMIT_NOFILE): 1048576:1048576
2025/07/10 23:20:47 [notice] 1#1: start worker processes
2025/07/10 23:20:47 [notice] 1#1: start worker process 28
2025/07/10 23:20:47 [notice] 1#1: start worker process 29
2025/07/11 00:31:49 [notice] 1#1: signal 3 (SIGQUIT) received, shutting down
2025/07/11 00:31:49 [notice] 29#29: gracefully shutting down
2025/07/11 00:31:49 [notice] 29#29: exiting
2025/07/11 00:31:49 [notice] 29#29: exit
2025/07/11 00:31:49 [notice] 28#28: gracefully shutting down
2025/07/11 00:31:49 [notice] 28#28: exiting
2025/07/11 00:31:49 [notice] 28#28: exit
2025/07/11 00:31:49 [notice] 1#1: signal 17 (SIGCHLD) received from 29
2025/07/11 00:31:49 [notice] 1#1: worker process 29 exited with code 0
2025/07/11 00:31:49 [notice] 1#1: signal 29 (SIGIO) received
2025/07/11 00:31:49 [notice] 1#1: signal 17 (SIGCHLD) received from 28
2025/07/11 00:31:49 [notice] 1#1: worker process 28 exited with code 0
2025/07/11 00:31:49 [notice] 1#1: exit
2025/07/11 00:32:21 [warn] 1#1: the "listen ... http2" directive is deprecated, use the "http2" directive instead in /etc/nginx/conf.d/default.conf:22
2025/07/11 00:32:21 [notice] 1#1: using the "epoll" event method
2025/07/11 00:32:21 [notice] 1#1: nginx/1.29.0
2025/07/11 00:32:21 [notice] 1#1: built by gcc 12.2.0 (Debian 12.2.0-14+deb12u1) 
2025/07/11 00:32:21 [notice] 1#1: OS: Linux 5.4.17-2136.333.5.1.el8uek.x86_64
2025/07/11 00:32:21 [notice] 1#1: getrlimit(RLIMIT_NOFILE): 1048576:1048576
2025/07/11 00:32:21 [notice] 1#1: start worker processes
2025/07/11 00:32:21 [notice] 1#1: start worker process 27
2025/07/11 00:32:21 [notice] 1#1: start worker process 28
2025/07/11 00:33:02 [notice] 1#1: signal 3 (SIGQUIT) received, shutting down
2025/07/11 00:33:02 [notice] 28#28: gracefully shutting down
2025/07/11 00:33:02 [notice] 27#27: gracefully shutting down
2025/07/11 00:33:02 [notice] 28#28: exiting
2025/07/11 00:33:02 [notice] 27#27: exiting
2025/07/11 00:33:02 [notice] 28#28: exit
2025/07/11 00:33:02 [notice] 27#27: exit
2025/07/11 00:33:02 [notice] 1#1: signal 17 (SIGCHLD) received from 28
2025/07/11 00:33:02 [notice] 1#1: worker process 28 exited with code 0
2025/07/11 00:33:02 [notice] 1#1: signal 29 (SIGIO) received
2025/07/11 00:33:02 [notice] 1#1: signal 17 (SIGCHLD) received from 27
2025/07/11 00:33:02 [notice] 1#1: worker process 27 exited with code 0
2025/07/11 00:33:02 [notice] 1#1: exit
2025/07/11 00:34:41 [warn] 1#1: the "listen ... http2" directive is deprecated, use the "http2" directive instead in /etc/nginx/conf.d/default.conf:22
2025/07/11 00:34:41 [notice] 1#1: using the "epoll" event method
2025/07/11 00:34:41 [notice] 1#1: nginx/1.29.0
2025/07/11 00:34:41 [notice] 1#1: built by gcc 12.2.0 (Debian 12.2.0-14+deb12u1) 
2025/07/11 00:34:41 [notice] 1#1: OS: Linux 5.4.17-2136.333.5.1.el8uek.x86_64
2025/07/11 00:34:41 [notice] 1#1: getrlimit(RLIMIT_NOFILE): 1048576:1048576
2025/07/11 00:34:41 [notice] 1#1: start worker processes
2025/07/11 00:34:41 [notice] 1#1: start worker process 28
2025/07/11 00:34:41 [notice] 1#1: start worker process 29
2025/07/11 15:36:22 [notice] 1#1: signal 3 (SIGQUIT) received, shutting down
2025/07/11 15:36:22 [notice] 29#29: gracefully shutting down
2025/07/11 15:36:22 [notice] 28#28: gracefully shutting down
2025/07/11 15:36:22 [notice] 29#29: exiting
2025/07/11 15:36:22 [notice] 28#28: exiting
2025/07/11 15:36:22 [notice] 29#29: exit
2025/07/11 15:36:22 [notice] 28#28: exit
2025/07/11 15:36:22 [notice] 1#1: signal 17 (SIGCHLD) received from 28
2025/07/11 15:36:22 [notice] 1#1: worker process 28 exited with code 0
2025/07/11 15:36:22 [notice] 1#1: signal 29 (SIGIO) received
2025/07/11 15:36:22 [notice] 1#1: signal 17 (SIGCHLD) received from 29
2025/07/11 15:36:22 [notice] 1#1: worker process 29 exited with code 0
2025/07/11 15:36:22 [notice] 1#1: exit
2025/07/11 16:40:09 [warn] 1#1: the "listen ... http2" directive is deprecated, use the "http2" directive instead in /etc/nginx/conf.d/default.conf:22
2025/07/11 16:40:09 [notice] 1#1: using the "epoll" event method
2025/07/11 16:40:09 [notice] 1#1: nginx/1.29.0
2025/07/11 16:40:09 [notice] 1#1: built by gcc 12.2.0 (Debian 12.2.0-14+deb12u1) 
2025/07/11 16:40:09 [notice] 1#1: OS: Linux 5.4.17-2136.333.5.1.el8uek.x86_64
2025/07/11 16:40:09 [notice] 1#1: getrlimit(RLIMIT_NOFILE): 1048576:1048576
2025/07/11 16:40:09 [notice] 1#1: start worker processes
2025/07/11 16:40:09 [notice] 1#1: start worker process 28
2025/07/11 16:40:09 [notice] 1#1: start worker process 29
2025/07/11 22:28:00 [notice] 1#1: signal 3 (SIGQUIT) received, shutting down
2025/07/11 22:28:00 [notice] 29#29: gracefully shutting down
2025/07/11 22:28:00 [notice] 29#29: exiting
2025/07/11 22:28:00 [notice] 28#28: gracefully shutting down
2025/07/11 22:28:00 [notice] 28#28: exiting
2025/07/11 22:28:00 [notice] 29#29: exit
2025/07/11 22:28:00 [notice] 28#28: exit
2025/07/11 22:28:00 [notice] 1#1: signal 17 (SIGCHLD) received from 29
2025/07/11 22:28:00 [notice] 1#1: worker process 29 exited with code 0
2025/07/11 22:28:00 [notice] 1#1: signal 29 (SIGIO) received
2025/07/11 22:28:00 [notice] 1#1: signal 17 (SIGCHLD) received from 28
2025/07/11 22:28:00 [notice] 1#1: worker process 28 exited with code 0
2025/07/11 22:28:00 [notice] 1#1: exit
2025/07/13 17:07:47 [emerg] 1#1: host not found in upstream "next:5000" in /etc/nginx/conf.d/default.conf:6
2025/07/13 17:14:14 [emerg] 1#1: host not found in upstream "next:5000" in /etc/nginx/conf.d/default.conf:6
2025/07/13 17:16:31 [emerg] 1#1: host not found in upstream "next:5000" in /etc/nginx/conf.d/default.conf:6
2025/07/13 17:30:30 [emerg] 1#1: host not found in upstream "next:5000" in /etc/nginx/conf.d/default.conf:6
2025/07/13 17:37:14 [warn] 1#1: the "listen ... http2" directive is deprecated, use the "http2" directive instead in /etc/nginx/conf.d/default.conf:26
2025/07/13 17:37:14 [notice] 1#1: using the "epoll" event method
2025/07/13 17:37:14 [notice] 1#1: nginx/1.29.0
2025/07/13 17:37:14 [notice] 1#1: built by gcc 12.2.0 (Debian 12.2.0-14+deb12u1) 
2025/07/13 17:37:14 [notice] 1#1: OS: Linux 5.4.17-2136.333.5.1.el8uek.x86_64
2025/07/13 17:37:14 [notice] 1#1: getrlimit(RLIMIT_NOFILE): 1048576:1048576
2025/07/13 17:37:14 [notice] 1#1: start worker processes
2025/07/13 17:37:14 [notice] 1#1: start worker process 27
2025/07/13 17:37:14 [notice] 1#1: start worker process 28
2025/07/13 17:37:29 [error] 27#27: *6 connect() failed (111: Connection refused) while connecting to upstream, client: 10.100.29.175, server: yourdomain.com, request: "GET / HTTP/2.0", upstream: "http://172.18.0.3:5000/", host: "10.100.6.123"
2025/07/13 17:37:29 [error] 27#27: *6 open() "/usr/share/nginx/html/50x.html" failed (2: No such file or directory), client: 10.100.29.175, server: yourdomain.com, request: "GET / HTTP/2.0", upstream: "http://172.18.0.3:5000/", host: "10.100.6.123"
2025/07/13 17:37:29 [error] 27#27: *6 connect() failed (111: Connection refused) while connecting to upstream, client: 10.100.29.175, server: yourdomain.com, request: "GET /favicon.ico HTTP/2.0", upstream: "http://172.18.0.3:5000/favicon.ico", host: "10.100.6.123", referrer: "https://10.100.6.123/"
2025/07/13 17:37:29 [error] 27#27: *6 open() "/usr/share/nginx/html/50x.html" failed (2: No such file or directory), client: 10.100.29.175, server: yourdomain.com, request: "GET /favicon.ico HTTP/2.0", upstream: "http://172.18.0.3:5000/favicon.ico", host: "10.100.6.123", referrer: "https://10.100.6.123/"
2025/07/13 17:37:35 [error] 27#27: *6 connect() failed (111: Connection refused) while connecting to upstream, client: 10.100.29.175, server: yourdomain.com, request: "GET /index HTTP/2.0", upstream: "http://172.18.0.3:5000/index", host: "10.100.6.123"
2025/07/13 17:37:35 [error] 27#27: *6 open() "/usr/share/nginx/html/50x.html" failed (2: No such file or directory), client: 10.100.29.175, server: yourdomain.com, request: "GET /index HTTP/2.0", upstream: "http://172.18.0.3:5000/index", host: "10.100.6.123"
2025/07/13 17:37:37 [error] 27#27: *6 connect() failed (111: Connection refused) while connecting to upstream, client: 10.100.29.175, server: yourdomain.com, request: "GET /index HTTP/2.0", upstream: "http://172.18.0.3:5000/index", host: "10.100.6.123"
2025/07/13 17:37:37 [error] 27#27: *6 open() "/usr/share/nginx/html/50x.html" failed (2: No such file or directory), client: 10.100.29.175, server: yourdomain.com, request: "GET /index HTTP/2.0", upstream: "http://172.18.0.3:5000/index", host: "10.100.6.123"
2025/07/13 17:37:45 [error] 27#27: *6 connect() failed (111: Connection refused) while connecting to upstream, client: 10.100.29.175, server: yourdomain.com, request: "GET /index HTTP/2.0", upstream: "http://172.18.0.3:5000/index", host: "10.100.6.123"
2025/07/13 17:37:45 [error] 27#27: *6 open() "/usr/share/nginx/html/50x.html" failed (2: No such file or directory), client: 10.100.29.175, server: yourdomain.com, request: "GET /index HTTP/2.0", upstream: "http://172.18.0.3:5000/index", host: "10.100.6.123"
2025/07/13 17:37:51 [error] 27#27: *6 connect() failed (111: Connection refused) while connecting to upstream, client: 10.100.29.175, server: yourdomain.com, request: "GET / HTTP/2.0", upstream: "http://172.18.0.3:5000/", host: "10.100.6.123"
2025/07/13 17:37:51 [error] 27#27: *6 open() "/usr/share/nginx/html/50x.html" failed (2: No such file or directory), client: 10.100.29.175, server: yourdomain.com, request: "GET / HTTP/2.0", upstream: "http://172.18.0.3:5000/", host: "10.100.6.123"
2025/07/13 17:37:54 [error] 27#27: *6 connect() failed (111: Connection refused) while connecting to upstream, client: 10.100.29.175, server: yourdomain.com, request: "GET / HTTP/2.0", upstream: "http://172.18.0.3:5000/", host: "10.100.6.123"
2025/07/13 17:37:54 [error] 27#27: *6 open() "/usr/share/nginx/html/50x.html" failed (2: No such file or directory), client: 10.100.29.175, server: yourdomain.com, request: "GET / HTTP/2.0", upstream: "http://172.18.0.3:5000/", host: "10.100.6.123"
2025/07/13 17:38:48 [error] 27#27: *6 connect() failed (111: Connection refused) while connecting to upstream, client: 10.100.29.175, server: yourdomain.com, request: "GET / HTTP/2.0", upstream: "http://172.18.0.3:5000/", host: "10.100.6.123"
2025/07/13 17:38:48 [error] 27#27: *6 open() "/usr/share/nginx/html/50x.html" failed (2: No such file or directory), client: 10.100.29.175, server: yourdomain.com, request: "GET / HTTP/2.0", upstream: "http://172.18.0.3:5000/", host: "10.100.6.123"
2025/07/13 17:45:43 [notice] 1#1: signal 3 (SIGQUIT) received, shutting down
2025/07/13 17:45:43 [notice] 27#27: gracefully shutting down
2025/07/13 17:45:43 [notice] 27#27: exiting
2025/07/13 17:45:43 [notice] 28#28: gracefully shutting down
2025/07/13 17:45:43 [notice] 28#28: exiting
2025/07/13 17:45:43 [notice] 27#27: exit
2025/07/13 17:45:43 [notice] 28#28: exit
2025/07/13 17:45:43 [notice] 1#1: signal 17 (SIGCHLD) received from 28
2025/07/13 17:45:43 [notice] 1#1: worker process 28 exited with code 0
2025/07/13 17:45:43 [notice] 1#1: signal 29 (SIGIO) received
2025/07/13 17:45:43 [notice] 1#1: signal 17 (SIGCHLD) received from 27
2025/07/13 17:45:43 [notice] 1#1: worker process 27 exited with code 0
2025/07/13 17:45:43 [notice] 1#1: exit
2025/07/13 17:46:15 [warn] 1#1: the "listen ... http2" directive is deprecated, use the "http2" directive instead in /etc/nginx/conf.d/default.conf:26
2025/07/13 17:46:15 [notice] 1#1: using the "epoll" event method
2025/07/13 17:46:15 [notice] 1#1: nginx/1.29.0
2025/07/13 17:46:15 [notice] 1#1: built by gcc 12.2.0 (Debian 12.2.0-14+deb12u1) 
2025/07/13 17:46:15 [notice] 1#1: OS: Linux 5.4.17-2136.333.5.1.el8uek.x86_64
2025/07/13 17:46:15 [notice] 1#1: getrlimit(RLIMIT_NOFILE): 1048576:1048576
2025/07/13 17:46:15 [notice] 1#1: start worker processes
2025/07/13 17:46:15 [notice] 1#1: start worker process 28
2025/07/13 17:46:15 [notice] 1#1: start worker process 29
2025/07/13 17:46:18 [error] 28#28: *3 connect() failed (111: Connection refused) while connecting to upstream, client: 10.100.29.175, server: yourdomain.com, request: "GET / HTTP/2.0", upstream: "http://172.18.0.3:5000/", host: "10.100.6.123"
2025/07/13 17:46:18 [error] 28#28: *3 open() "/usr/share/nginx/html/50x.html" failed (2: No such file or directory), client: 10.100.29.175, server: yourdomain.com, request: "GET / HTTP/2.0", upstream: "http://172.18.0.3:5000/", host: "10.100.6.123"
2025/07/13 17:46:18 [error] 28#28: *3 connect() failed (111: Connection refused) while connecting to upstream, client: 10.100.29.175, server: yourdomain.com, request: "GET /favicon.ico HTTP/2.0", upstream: "http://172.18.0.3:5000/favicon.ico", host: "10.100.6.123", referrer: "https://10.100.6.123/"
2025/07/13 17:46:18 [error] 28#28: *3 open() "/usr/share/nginx/html/50x.html" failed (2: No such file or directory), client: 10.100.29.175, server: yourdomain.com, request: "GET /favicon.ico HTTP/2.0", upstream: "http://172.18.0.3:5000/favicon.ico", host: "10.100.6.123", referrer: "https://10.100.6.123/"
2025/07/13 17:46:42 [notice] 1#1: signal 3 (SIGQUIT) received, shutting down
2025/07/13 17:46:42 [notice] 29#29: gracefully shutting down
2025/07/13 17:46:42 [notice] 28#28: gracefully shutting down
2025/07/13 17:46:42 [notice] 29#29: exiting
2025/07/13 17:46:42 [notice] 28#28: exiting
2025/07/13 17:46:42 [notice] 29#29: exit
2025/07/13 17:46:42 [notice] 28#28: exit
2025/07/13 17:46:42 [notice] 1#1: signal 17 (SIGCHLD) received from 29
2025/07/13 17:46:42 [notice] 1#1: worker process 29 exited with code 0
2025/07/13 17:46:42 [notice] 1#1: signal 29 (SIGIO) received
2025/07/13 17:46:42 [notice] 1#1: signal 17 (SIGCHLD) received from 28
2025/07/13 17:46:42 [notice] 1#1: worker process 28 exited with code 0
2025/07/13 17:46:42 [notice] 1#1: exit
2025/07/13 17:48:24 [warn] 1#1: the "listen ... http2" directive is deprecated, use the "http2" directive instead in /etc/nginx/conf.d/default.conf:26
2025/07/13 17:48:24 [notice] 1#1: using the "epoll" event method
2025/07/13 17:48:24 [notice] 1#1: nginx/1.29.0
2025/07/13 17:48:24 [notice] 1#1: built by gcc 12.2.0 (Debian 12.2.0-14+deb12u1) 
2025/07/13 17:48:24 [notice] 1#1: OS: Linux 5.4.17-2136.333.5.1.el8uek.x86_64
2025/07/13 17:48:24 [notice] 1#1: getrlimit(RLIMIT_NOFILE): 1048576:1048576
2025/07/13 17:48:24 [notice] 1#1: start worker processes
2025/07/13 17:48:24 [notice] 1#1: start worker process 28
2025/07/13 17:48:24 [notice] 1#1: start worker process 29
2025/07/14 01:02:51 [error] 29#29: *1 connect() failed (111: Connection refused) while connecting to upstream, client: 10.100.0.215, server: yourdomain.com, request: "GET /index HTTP/2.0", upstream: "http://172.18.0.3:5000/index", host: "10.100.6.123"
2025/07/14 01:02:51 [error] 29#29: *1 open() "/usr/share/nginx/html/50x.html" failed (2: No such file or directory), client: 10.100.0.215, server: yourdomain.com, request: "GET /index HTTP/2.0", upstream: "http://172.18.0.3:5000/index", host: "10.100.6.123"
2025/07/14 01:19:27 [notice] 1#1: signal 3 (SIGQUIT) received, shutting down
2025/07/14 01:19:27 [notice] 29#29: gracefully shutting down
2025/07/14 01:19:27 [notice] 29#29: exiting
2025/07/14 01:19:27 [notice] 28#28: gracefully shutting down
2025/07/14 01:19:27 [notice] 28#28: exiting
2025/07/14 01:19:27 [notice] 28#28: exit
2025/07/14 01:19:27 [notice] 29#29: exit
2025/07/14 01:19:27 [notice] 1#1: signal 17 (SIGCHLD) received from 28
2025/07/14 01:19:27 [notice] 1#1: worker process 28 exited with code 0
2025/07/14 01:19:27 [notice] 1#1: signal 29 (SIGIO) received
2025/07/14 01:19:27 [notice] 1#1: signal 17 (SIGCHLD) received from 29
2025/07/14 01:19:27 [notice] 1#1: worker process 29 exited with code 0
2025/07/14 01:19:27 [notice] 1#1: exit
2025/07/15 02:00:27 [warn] 1#1: the "listen ... http2" directive is deprecated, use the "http2" directive instead in /etc/nginx/conf.d/default.conf:26
2025/07/15 02:00:27 [notice] 1#1: using the "epoll" event method
2025/07/15 02:00:27 [notice] 1#1: nginx/1.29.0
2025/07/15 02:00:27 [notice] 1#1: built by gcc 12.2.0 (Debian 12.2.0-14+deb12u1) 
2025/07/15 02:00:27 [notice] 1#1: OS: Linux 5.4.17-2136.333.5.1.el8uek.x86_64
2025/07/15 02:00:27 [notice] 1#1: getrlimit(RLIMIT_NOFILE): 1048576:1048576
2025/07/15 02:00:27 [notice] 1#1: start worker processes
2025/07/15 02:00:27 [notice] 1#1: start worker process 28
2025/07/15 02:00:27 [notice] 1#1: start worker process 29
2025/07/15 02:29:12 [notice] 1#1: signal 3 (SIGQUIT) received, shutting down
2025/07/15 02:29:12 [notice] 28#28: gracefully shutting down
2025/07/15 02:29:12 [notice] 29#29: gracefully shutting down
2025/07/15 02:29:12 [notice] 28#28: exiting
2025/07/15 02:29:12 [notice] 29#29: exiting
2025/07/15 02:29:12 [notice] 29#29: exit
2025/07/15 02:29:12 [notice] 28#28: exit
2025/07/15 02:29:12 [notice] 1#1: signal 17 (SIGCHLD) received from 29
2025/07/15 02:29:12 [notice] 1#1: worker process 29 exited with code 0
2025/07/15 02:29:12 [notice] 1#1: signal 29 (SIGIO) received
2025/07/15 02:29:12 [notice] 1#1: signal 17 (SIGCHLD) received from 28
2025/07/15 02:29:12 [notice] 1#1: worker process 28 exited with code 0
2025/07/15 02:29:12 [notice] 1#1: exit
2025/07/15 03:07:31 [warn] 1#1: the "listen ... http2" directive is deprecated, use the "http2" directive instead in /etc/nginx/conf.d/default.conf:26
2025/07/15 03:07:31 [notice] 1#1: using the "epoll" event method
2025/07/15 03:07:31 [notice] 1#1: nginx/1.29.0
2025/07/15 03:07:31 [notice] 1#1: built by gcc 12.2.0 (Debian 12.2.0-14+deb12u1) 
2025/07/15 03:07:31 [notice] 1#1: OS: Linux 5.4.17-2136.333.5.1.el8uek.x86_64
2025/07/15 03:07:31 [notice] 1#1: getrlimit(RLIMIT_NOFILE): 1048576:1048576
2025/07/15 03:07:31 [notice] 1#1: start worker processes
2025/07/15 03:07:31 [notice] 1#1: start worker process 27
2025/07/15 03:07:31 [notice] 1#1: start worker process 28
